
> backend@0.0.1 start:prod
> node dist/main

[32m[Nest] 542237  - [39m05/18/2026, 10:48:11 AM [32m    LOG[39m [38;5;3m[NestFactory] [39m[32mStarting Nest application...[39m
[32m[Nest] 542237  - [39m05/18/2026, 10:48:11 AM [32m    LOG[39m [38;5;3m[InstanceLoader] [39m[32mTypeOrmModule dependencies initialized[39m[38;5;3m +22ms[39m
[32m[Nest] 542237  - [39m05/18/2026, 10:48:11 AM [32m    LOG[39m [38;5;3m[InstanceLoader] [39m[32mPassportModule dependencies initialized[39m[38;5;3m +0ms[39m
[32m[Nest] 542237  - [39m05/18/2026, 10:48:11 AM [32m    LOG[39m [38;5;3m[InstanceLoader] [39m[32mConfigHostModule dependencies initialized[39m[38;5;3m +1ms[39m
[32m[Nest] 542237  - [39m05/18/2026, 10:48:11 AM [32m    LOG[39m [38;5;3m[InstanceLoader] [39m[32mJwtModule dependencies initialized[39m[38;5;3m +0ms[39m
[32m[Nest] 542237  - [39m05/18/2026, 10:48:11 AM [32m    LOG[39m [38;5;3m[InstanceLoader] [39m[32mAppModule dependencies initialized[39m[38;5;3m +1ms[39m
[32m[Nest] 542237  - [39m05/18/2026, 10:48:11 AM [32m    LOG[39m [38;5;3m[InstanceLoader] [39m[32mConfigModule dependencies initialized[39m[38;5;3m +0ms[39m
[32m[Nest] 542237  - [39m05/18/2026, 10:48:11 AM [32m    LOG[39m [38;5;3m[InstanceLoader] [39m[32mConfigModule dependencies initialized[39m[38;5;3m +0ms[39m
[32m[Nest] 542237  - [39m05/18/2026, 10:48:11 AM [32m    LOG[39m [38;5;3m[InstanceLoader] [39m[32mAiModule dependencies initialized[39m[38;5;3m +29ms[39m
[32m[Nest] 542237  - [39m05/18/2026, 10:48:11 AM [32m    LOG[39m [38;5;3m[InstanceLoader] [39m[32mTypeOrmCoreModule dependencies initialized[39m[38;5;3m +110ms[39m
[32m[Nest] 542237  - [39m05/18/2026, 10:48:11 AM [32m    LOG[39m [38;5;3m[InstanceLoader] [39m[32mTypeOrmModule dependencies initialized[39m[38;5;3m +0ms[39m
[32m[Nest] 542237  - [39m05/18/2026, 10:48:11 AM [32m    LOG[39m [38;5;3m[InstanceLoader] [39m[32mTypeOrmModule dependencies initialized[39m[38;5;3m +0ms[39m
[32m[Nest] 542237  - [39m05/18/2026, 10:48:11 AM [32m    LOG[39m [38;5;3m[InstanceLoader] [39m[32mTypeOrmModule dependencies initialized[39m[38;5;3m +0ms[39m
[32m[Nest] 542237  - [39m05/18/2026, 10:48:11 AM [32m    LOG[39m [38;5;3m[InstanceLoader] [39m[32mTypeOrmModule dependencies initialized[39m[38;5;3m +0ms[39m
[32m[Nest] 542237  - [39m05/18/2026, 10:48:11 AM [32m    LOG[39m [38;5;3m[InstanceLoader] [39m[32mTypeOrmModule dependencies initialized[39m[38;5;3m +0ms[39m
[32m[Nest] 542237  - [39m05/18/2026, 10:48:11 AM [32m    LOG[39m [38;5;3m[InstanceLoader] [39m[32mTypeOrmModule dependencies initialized[39m[38;5;3m +0ms[39m
[32m[Nest] 542237  - [39m05/18/2026, 10:48:11 AM [32m    LOG[39m [38;5;3m[InstanceLoader] [39m[32mTypeOrmModule dependencies initialized[39m[38;5;3m +0ms[39m
[32m[Nest] 542237  - [39m05/18/2026, 10:48:11 AM [32m    LOG[39m [38;5;3m[InstanceLoader] [39m[32mUsersModule dependencies initialized[39m[38;5;3m +1ms[39m
[32m[Nest] 542237  - [39m05/18/2026, 10:48:11 AM [32m    LOG[39m [38;5;3m[InstanceLoader] [39m[32mAssetsModule dependencies initialized[39m[38;5;3m +0ms[39m
[32m[Nest] 542237  - [39m05/18/2026, 10:48:11 AM [32m    LOG[39m [38;5;3m[InstanceLoader] [39m[32mBudgetModule dependencies initialized[39m[38;5;3m +0ms[39m
[32m[Nest] 542237  - [39m05/18/2026, 10:48:11 AM [32m    LOG[39m [38;5;3m[InstanceLoader] [39m[32mSavingsModule dependencies initialized[39m[38;5;3m +0ms[39m
[32m[Nest] 542237  - [39m05/18/2026, 10:48:11 AM [32m    LOG[39m [38;5;3m[InstanceLoader] [39m[32mTontinesModule dependencies initialized[39m[38;5;3m +0ms[39m
[32m[Nest] 542237  - [39m05/18/2026, 10:48:11 AM [32m    LOG[39m [38;5;3m[InstanceLoader] [39m[32mCryptoModule dependencies initialized[39m[38;5;3m +0ms[39m
[32m[Nest] 542237  - [39m05/18/2026, 10:48:11 AM [32m    LOG[39m [38;5;3m[InstanceLoader] [39m[32mTransactionsModule dependencies initialized[39m[38;5;3m +0ms[39m
[32m[Nest] 542237  - [39m05/18/2026, 10:48:11 AM [32m    LOG[39m [38;5;3m[InstanceLoader] [39m[32mAuthModule dependencies initialized[39m[38;5;3m +0ms[39m
[32m[Nest] 542237  - [39m05/18/2026, 10:48:11 AM [32m    LOG[39m [38;5;3m[RoutesResolver] [39m[32mAppController {/}:[39m[38;5;3m +5ms[39m
[32m[Nest] 542237  - [39m05/18/2026, 10:48:11 AM [32m    LOG[39m [38;5;3m[RouterExplorer] [39m[32mMapped {/, GET} route[39m[38;5;3m +3ms[39m
[32m[Nest] 542237  - [39m05/18/2026, 10:48:11 AM [32m    LOG[39m [38;5;3m[RoutesResolver] [39m[32mAuthController {/auth}:[39m[38;5;3m +0ms[39m
[32m[Nest] 542237  - [39m05/18/2026, 10:48:11 AM [32m    LOG[39m [38;5;3m[RouterExplorer] [39m[32mMapped {/auth/register, POST} route[39m[38;5;3m +1ms[39m
[32m[Nest] 542237  - [39m05/18/2026, 10:48:11 AM [32m    LOG[39m [38;5;3m[RouterExplorer] [39m[32mMapped {/auth/login, POST} route[39m[38;5;3m +0ms[39m
[32m[Nest] 542237  - [39m05/18/2026, 10:48:11 AM [32m    LOG[39m [38;5;3m[RoutesResolver] [39m[32mUsersController {/users}:[39m[38;5;3m +1ms[39m
[32m[Nest] 542237  - [39m05/18/2026, 10:48:11 AM [32m    LOG[39m [38;5;3m[RouterExplorer] [39m[32mMapped {/users/:id, GET} route[39m[38;5;3m +0ms[39m
[32m[Nest] 542237  - [39m05/18/2026, 10:48:11 AM [32m    LOG[39m [38;5;3m[RouterExplorer] [39m[32mMapped {/users/:id/babylonian-health, GET} route[39m[38;5;3m +1ms[39m
[32m[Nest] 542237  - [39m05/18/2026, 10:48:11 AM [32m    LOG[39m [38;5;3m[RouterExplorer] [39m[32mMapped {/users/:id/dashboard-summary, GET} route[39m[38;5;3m +0ms[39m
[32m[Nest] 542237  - [39m05/18/2026, 10:48:11 AM [32m    LOG[39m [38;5;3m[RoutesResolver] [39m[32mGamificationController {/gamification}:[39m[38;5;3m +0ms[39m
[32m[Nest] 542237  - [39m05/18/2026, 10:48:11 AM [32m    LOG[39m [38;5;3m[RouterExplorer] [39m[32mMapped {/gamification/progress, GET} route[39m[38;5;3m +0ms[39m
[32m[Nest] 542237  - [39m05/18/2026, 10:48:11 AM [32m    LOG[39m [38;5;3m[RouterExplorer] [39m[32mMapped {/gamification/check-badges, POST} route[39m[38;5;3m +1ms[39m
[32m[Nest] 542237  - [39m05/18/2026, 10:48:11 AM [32m    LOG[39m [38;5;3m[RoutesResolver] [39m[32mAssetsController {/assets}:[39m[38;5;3m +0ms[39m
[32m[Nest] 542237  - [39m05/18/2026, 10:48:11 AM [32m    LOG[39m [38;5;3m[RouterExplorer] [39m[32mMapped {/assets, POST} route[39m[38;5;3m +0ms[39m
[32m[Nest] 542237  - [39m05/18/2026, 10:48:11 AM [32m    LOG[39m [38;5;3m[RouterExplorer] [39m[32mMapped {/assets/user/:userId/net-worth, GET} route[39m[38;5;3m +1ms[39m
[32m[Nest] 542237  - [39m05/18/2026, 10:48:11 AM [32m    LOG[39m [38;5;3m[RouterExplorer] [39m[32mMapped {/assets/user/:userId/optimal-allocation, GET} route[39m[38;5;3m +0ms[39m
[32m[Nest] 542237  - [39m05/18/2026, 10:48:11 AM [32m    LOG[39m [38;5;3m[RouterExplorer] [39m[32mMapped {/assets/user/:userId/fire-status, POST} route[39m[38;5;3m +0ms[39m
[32m[Nest] 542237  - [39m05/18/2026, 10:48:11 AM [32m    LOG[39m [38;5;3m[RouterExplorer] [39m[32mMapped {/assets/user/:userId, GET} route[39m[38;5;3m +1ms[39m
[32m[Nest] 542237  - [39m05/18/2026, 10:48:11 AM [32m    LOG[39m [38;5;3m[RouterExplorer] [39m[32mMapped {/assets/:id, GET} route[39m[38;5;3m +0ms[39m
[32m[Nest] 542237  - [39m05/18/2026, 10:48:11 AM [32m    LOG[39m [38;5;3m[RouterExplorer] [39m[32mMapped {/assets/:id, PUT} route[39m[38;5;3m +0ms[39m
[32m[Nest] 542237  - [39m05/18/2026, 10:48:11 AM [32m    LOG[39m [38;5;3m[RouterExplorer] [39m[32mMapped {/assets/:id, DELETE} route[39m[38;5;3m +0ms[39m
[32m[Nest] 542237  - [39m05/18/2026, 10:48:11 AM [32m    LOG[39m [38;5;3m[RouterExplorer] [39m[32mMapped {/assets/simulate-dca, POST} route[39m[38;5;3m +0ms[39m
[32m[Nest] 542237  - [39m05/18/2026, 10:48:11 AM [32m    LOG[39m [38;5;3m[RoutesResolver] [39m[32mTransactionsController {/transactions}:[39m[38;5;3m +0ms[39m
[32m[Nest] 542237  - [39m05/18/2026, 10:48:11 AM [32m    LOG[39m [38;5;3m[RouterExplorer] [39m[32mMapped {/transactions, POST} route[39m[38;5;3m +1ms[39m
[32m[Nest] 542237  - [39m05/18/2026, 10:48:11 AM [32m    LOG[39m [38;5;3m[RouterExplorer] [39m[32mMapped {/transactions/user/:userId/categorization, GET} route[39m[38;5;3m +0ms[39m
[32m[Nest] 542237  - [39m05/18/2026, 10:48:11 AM [32m    LOG[39m [38;5;3m[RouterExplorer] [39m[32mMapped {/transactions/user/:userId, GET} route[39m[38;5;3m +0ms[39m
[32m[Nest] 542237  - [39m05/18/2026, 10:48:11 AM [32m    LOG[39m [38;5;3m[RouterExplorer] [39m[32mMapped {/transactions/:id, GET} route[39m[38;5;3m +0ms[39m
[32m[Nest] 542237  - [39m05/18/2026, 10:48:11 AM [32m    LOG[39m [38;5;3m[RouterExplorer] [39m[32mMapped {/transactions/:id, PUT} route[39m[38;5;3m +1ms[39m
[32m[Nest] 542237  - [39m05/18/2026, 10:48:11 AM [32m    LOG[39m [38;5;3m[RouterExplorer] [39m[32mMapped {/transactions/:id, DELETE} route[39m[38;5;3m +0ms[39m
[32m[Nest] 542237  - [39m05/18/2026, 10:48:11 AM [32m    LOG[39m [38;5;3m[RoutesResolver] [39m[32mAiController {/ai}:[39m[38;5;3m +0ms[39m
[32m[Nest] 542237  - [39m05/18/2026, 10:48:11 AM [32m    LOG[39m [38;5;3m[RouterExplorer] [39m[32mMapped {/ai/advice, POST} route[39m[38;5;3m +0ms[39m
[32m[Nest] 542237  - [39m05/18/2026, 10:48:11 AM [32m    LOG[39m [38;5;3m[RouterExplorer] [39m[32mMapped {/ai/analyze-habits, POST} route[39m[38;5;3m +0ms[39m
[32m[Nest] 542237  - [39m05/18/2026, 10:48:11 AM [32m    LOG[39m [38;5;3m[RouterExplorer] [39m[32mMapped {/ai/psychological-advice, POST} route[39m[38;5;3m +0ms[39m
[32m[Nest] 542237  - [39m05/18/2026, 10:48:11 AM [32m    LOG[39m [38;5;3m[RouterExplorer] [39m[32mMapped {/ai/analyze-expenses, POST} route[39m[38;5;3m +0ms[39m
[32m[Nest] 542237  - [39m05/18/2026, 10:48:11 AM [32m    LOG[39m [38;5;3m[RouterExplorer] [39m[32mMapped {/ai/budget-alerts, POST} route[39m[38;5;3m +1ms[39m
[32m[Nest] 542237  - [39m05/18/2026, 10:48:11 AM [32m    LOG[39m [38;5;3m[RoutesResolver] [39m[32mBudgetController {/budget}:[39m[38;5;3m +0ms[39m
[32m[Nest] 542237  - [39m05/18/2026, 10:48:11 AM [32m    LOG[39m [38;5;3m[RouterExplorer] [39m[32mMapped {/budget, POST} route[39m[38;5;3m +0ms[39m
[32m[Nest] 542237  - [39m05/18/2026, 10:48:11 AM [32m    LOG[39m [38;5;3m[RouterExplorer] [39m[32mMapped {/budget, GET} route[39m[38;5;3m +0ms[39m
[32m[Nest] 542237  - [39m05/18/2026, 10:48:11 AM [32m    LOG[39m [38;5;3m[RouterExplorer] [39m[32mMapped {/budget/status, GET} route[39m[38;5;3m +0ms[39m
[32m[Nest] 542237  - [39m05/18/2026, 10:48:11 AM [32m    LOG[39m [38;5;3m[RouterExplorer] [39m[32mMapped {/budget/:id, PUT} route[39m[38;5;3m +0ms[39m
[32m[Nest] 542237  - [39m05/18/2026, 10:48:11 AM [32m    LOG[39m [38;5;3m[RouterExplorer] [39m[32mMapped {/budget/:id, DELETE} route[39m[38;5;3m +0ms[39m
[32m[Nest] 542237  - [39m05/18/2026, 10:48:11 AM [32m    LOG[39m [38;5;3m[RoutesResolver] [39m[32mSavingsController {/savings}:[39m[38;5;3m +0ms[39m
[32m[Nest] 542237  - [39m05/18/2026, 10:48:11 AM [32m    LOG[39m [38;5;3m[RouterExplorer] [39m[32mMapped {/savings, POST} route[39m[38;5;3m +1ms[39m
[32m[Nest] 542237  - [39m05/18/2026, 10:48:11 AM [32m    LOG[39m [38;5;3m[RouterExplorer] [39m[32mMapped {/savings, GET} route[39m[38;5;3m +0ms[39m
[32m[Nest] 542237  - [39m05/18/2026, 10:48:11 AM [32m    LOG[39m [38;5;3m[RouterExplorer] [39m[32mMapped {/savings/:id, PUT} route[39m[38;5;3m +0ms[39m
[32m[Nest] 542237  - [39m05/18/2026, 10:48:11 AM [32m    LOG[39m [38;5;3m[RouterExplorer] [39m[32mMapped {/savings/:id, DELETE} route[39m[38;5;3m +0ms[39m
[32m[Nest] 542237  - [39m05/18/2026, 10:48:11 AM [32m    LOG[39m [38;5;3m[RouterExplorer] [39m[32mMapped {/savings/:id/deposit, POST} route[39m[38;5;3m +0ms[39m
[32m[Nest] 542237  - [39m05/18/2026, 10:48:11 AM [32m    LOG[39m [38;5;3m[RouterExplorer] [39m[32mMapped {/savings/:id/withdraw, POST} route[39m[38;5;3m +0ms[39m
[32m[Nest] 542237  - [39m05/18/2026, 10:48:11 AM [32m    LOG[39m [38;5;3m[RouterExplorer] [39m[32mMapped {/savings/:id/calculate-interests, POST} route[39m[38;5;3m +1ms[39m
[32m[Nest] 542237  - [39m05/18/2026, 10:48:11 AM [32m    LOG[39m [38;5;3m[RoutesResolver] [39m[32mTontinesController {/tontines}:[39m[38;5;3m +0ms[39m
[32m[Nest] 542237  - [39m05/18/2026, 10:48:11 AM [32m    LOG[39m [38;5;3m[RouterExplorer] [39m[32mMapped {/tontines, POST} route[39m[38;5;3m +0ms[39m
[32m[Nest] 542237  - [39m05/18/2026, 10:48:11 AM [32m    LOG[39m [38;5;3m[RouterExplorer] [39m[32mMapped {/tontines, GET} route[39m[38;5;3m +0ms[39m
[32m[Nest] 542237  - [39m05/18/2026, 10:48:11 AM [32m    LOG[39m [38;5;3m[RouterExplorer] [39m[32mMapped {/tontines/:id/members, POST} route[39m[38;5;3m +0ms[39m
[32m[Nest] 542237  - [39m05/18/2026, 10:48:11 AM [32m    LOG[39m [38;5;3m[RouterExplorer] [39m[32mMapped {/tontines/:id/next-beneficiary, GET} route[39m[38;5;3m +0ms[39m
[32m[Nest] 542237  - [39m05/18/2026, 10:48:11 AM [32m    LOG[39m [38;5;3m[RouterExplorer] [39m[32mMapped {/tontines/members/:memberId/payout, POST} route[39m[38;5;3m +1ms[39m
[32m[Nest] 542237  - [39m05/18/2026, 10:48:11 AM [32m    LOG[39m [38;5;3m[RouterExplorer] [39m[32mMapped {/tontines/:id, PUT} route[39m[38;5;3m +0ms[39m
[32m[Nest] 542237  - [39m05/18/2026, 10:48:11 AM [32m    LOG[39m [38;5;3m[RouterExplorer] [39m[32mMapped {/tontines/:id, DELETE} route[39m[38;5;3m +0ms[39m
[32m[Nest] 542237  - [39m05/18/2026, 10:48:11 AM [32m    LOG[39m [38;5;3m[RoutesResolver] [39m[32mCryptoController {/crypto}:[39m[38;5;3m +0ms[39m
[32m[Nest] 542237  - [39m05/18/2026, 10:48:11 AM [32m    LOG[39m [38;5;3m[RouterExplorer] [39m[32mMapped {/crypto, POST} route[39m[38;5;3m +0ms[39m
[32m[Nest] 542237  - [39m05/18/2026, 10:48:11 AM [32m    LOG[39m [38;5;3m[RouterExplorer] [39m[32mMapped {/crypto, GET} route[39m[38;5;3m +0ms[39m
[32m[Nest] 542237  - [39m05/18/2026, 10:48:11 AM [32m    LOG[39m [38;5;3m[RouterExplorer] [39m[32mMapped {/crypto/portfolio, GET} route[39m[38;5;3m +0ms[39m
[32m[Nest] 542237  - [39m05/18/2026, 10:48:11 AM [32m    LOG[39m [38;5;3m[RouterExplorer] [39m[32mMapped {/crypto/:id, PUT} route[39m[38;5;3m +0ms[39m
[32m[Nest] 542237  - [39m05/18/2026, 10:48:11 AM [32m    LOG[39m [38;5;3m[RouterExplorer] [39m[32mMapped {/crypto/:id, DELETE} route[39m[38;5;3m +1ms[39m
[32m[Nest] 542237  - [39m05/18/2026, 10:48:11 AM [32m    LOG[39m [38;5;3m[NestApplication] [39m[32mNest application successfully started[39m[38;5;3m +18ms[39m
Terminated
